Running: /opt/Xilinx/14.7/ISE_DS/ISE/bin/lin64/unwrapped/fuse -intstyle ise -incremental -lib unisims_ver -lib unimacro_ver -lib xilinxcorelib_ver -o /home/ise/baithi/testtttt_isim_beh.exe -prj /home/ise/baithi/testtttt_beh.prj work.testtttt work.glbl 
ISim P.20131013 (signature 0xfbc00daa)
Number of CPUs detected in this system: 1
Turning on mult-threading, number of parallel sub-compilation jobs: 0 
Determining compilation order of HDL files
Analyzing Verilog file "/home/ise/baithi/mode.v" into library work
WARNING:HDLCompiler:568 - "/home/ise/baithi/mode.v" Line 26: Constant value is truncated to fit in <8> bits.
Analyzing Verilog file "/home/ise/baithi/testtttt.v" into library work
Analyzing Verilog file "/opt/Xilinx/14.7/ISE_DS/ISE//verilog/src/glbl.v" into library work
Starting static elaboration
Completed static elaboration
Fuse Memory Usage: 94932 KB
Fuse CPU Usage: 810 ms
Compiling module mode
Compiling module testtttt
Compiling module glbl
Time Resolution for simulation is 1ps.
Compiled 3 Verilog Units
Built simulation executable /home/ise/baithi/testtttt_isim_beh.exe
Fuse Memory Usage: 98024 KB
Fuse CPU Usage: 820 ms
GCC CPU Usage: 120 ms
